Analysis & Synthesis report for ALU_MD
Mon May 27 16:23:03 2019
Quartus Prime Version 17.1.1 Internal Build 593 12/11/2017 SJ Lite Edition


---------------------
; Table of Contents ;
---------------------
  1. Legal Notice
  2. Analysis & Synthesis Summary
  3. Analysis & Synthesis Settings
  4. Parallel Compilation
  5. Analysis & Synthesis Source Files Read
  6. Analysis & Synthesis Resource Usage Summary
  7. Analysis & Synthesis Resource Utilization by Entity
  8. User-Specified and Inferred Latches
  9. General Register Statistics
 10. Multiplexer Restructuring Statistics (Restructuring Performed)
 11. Parameter Settings for User Entity Instance: LPM_BUSTRI:inst17
 12. Parameter Settings for User Entity Instance: LPM_BUSTRI:inst16
 13. Parameter Settings for User Entity Instance: LPM_BUSTRI:inst21
 14. Parameter Settings for User Entity Instance: LPM_BUSTRI:inst20
 15. Parameter Settings for User Entity Instance: REG0_2:inst2|LPM_LATCH:inst6
 16. Parameter Settings for User Entity Instance: REG0_2:inst2|LPM_LATCH:inst7
 17. Parameter Settings for User Entity Instance: REG0_2:inst2|LPM_LATCH:inst8
 18. Parameter Settings for User Entity Instance: LPM_BUSTRI:inst18
 19. Parameter Settings for User Entity Instance: LPM_BUSTRI:inst19
 20. Parameter Settings for User Entity Instance: LPM_LATCH:inst
 21. Parameter Settings for User Entity Instance: LPM_LATCH:inst1
 22. Post-Synthesis Netlist Statistics for Top Partition
 23. Elapsed Time Per Partition
 24. Analysis & Synthesis Messages



----------------
; Legal Notice ;
----------------
Copyright (C) 2017  Intel Corporation. All rights reserved.
Your use of Intel Corporation's design tools, logic functions 
and other software and tools, and its AMPP partner logic 
functions, and any output files from any of the foregoing 
(including device programming or simulation files), and any 
associated documentation or information are expressly subject 
to the terms and conditions of the Intel Program License 
Subscription Agreement, the Intel Quartus Prime License Agreement,
the Intel FPGA IP License Agreement, or other applicable license
agreement, including, without limitation, that your use is for
the sole purpose of programming logic devices manufactured by
Intel and sold by Intel or its authorized distributors.  Please
refer to the applicable agreement for further details.



+-------------------------------------------------------------------------------------------+
; Analysis & Synthesis Summary                                                              ;
+------------------------------------+------------------------------------------------------+
; Analysis & Synthesis Status        ; Successful - Mon May 27 16:23:03 2019                ;
; Quartus Prime Version              ; 17.1.1 Internal Build 593 12/11/2017 SJ Lite Edition ;
; Revision Name                      ; ALU_MD                                               ;
; Top-level Entity Name              ; ALU_MD                                               ;
; Family                             ; Cyclone IV E                                         ;
; Total logic elements               ; 495                                                  ;
;     Total combinational functions  ; 495                                                  ;
;     Dedicated logic registers      ; 10                                                   ;
; Total registers                    ; 10                                                   ;
; Total pins                         ; 96                                                   ;
; Total virtual pins                 ; 0                                                    ;
; Total memory bits                  ; 0                                                    ;
; Embedded Multiplier 9-bit elements ; 0                                                    ;
; Total PLLs                         ; 0                                                    ;
+------------------------------------+------------------------------------------------------+


+----------------------------------------------------------------------------------------------------------------------+
; Analysis & Synthesis Settings                                                                                        ;
+----------------------------------------------------------------------------+--------------------+--------------------+
; Option                                                                     ; Setting            ; Default Value      ;
+----------------------------------------------------------------------------+--------------------+--------------------+
; Device                                                                     ; EP4CE30F29C8       ;                    ;
; Top-level entity name                                                      ; ALU_MD             ; ALU_MD             ;
; Family name                                                                ; Cyclone IV E       ; Cyclone V          ;
; Use smart compilation                                                      ; Off                ; Off                ;
; Enable parallel Assembler and TimeQuest Timing Analyzer during compilation ; On                 ; On                 ;
; Enable compact report table                                                ; Off                ; Off                ;
; Restructure Multiplexers                                                   ; Auto               ; Auto               ;
; Create Debugging Nodes for IP Cores                                        ; Off                ; Off                ;
; Preserve fewer node names                                                  ; On                 ; On                 ;
; Intel FPGA IP Evaluation Mode                                              ; Enable             ; Enable             ;
; Verilog Version                                                            ; Verilog_2001       ; Verilog_2001       ;
; VHDL Version                                                               ; VHDL_1993          ; VHDL_1993          ;
; State Machine Processing                                                   ; Auto               ; Auto               ;
; Safe State Machine                                                         ; Off                ; Off                ;
; Extract Verilog State Machines                                             ; On                 ; On                 ;
; Extract VHDL State Machines                                                ; On                 ; On                 ;
; Ignore Verilog initial constructs                                          ; Off                ; Off                ;
; Iteration limit for constant Verilog loops                                 ; 5000               ; 5000               ;
; Iteration limit for non-constant Verilog loops                             ; 250                ; 250                ;
; Add Pass-Through Logic to Inferred RAMs                                    ; On                 ; On                 ;
; Infer RAMs from Raw Logic                                                  ; On                 ; On                 ;
; Parallel Synthesis                                                         ; On                 ; On                 ;
; DSP Block Balancing                                                        ; Auto               ; Auto               ;
; NOT Gate Push-Back                                                         ; On                 ; On                 ;
; Power-Up Don't Care                                                        ; On                 ; On                 ;
; Remove Redundant Logic Cells                                               ; Off                ; Off                ;
; Remove Duplicate Registers                                                 ; On                 ; On                 ;
; Ignore CARRY Buffers                                                       ; Off                ; Off                ;
; Ignore CASCADE Buffers                                                     ; Off                ; Off                ;
; Ignore GLOBAL Buffers                                                      ; Off                ; Off                ;
; Ignore ROW GLOBAL Buffers                                                  ; Off                ; Off                ;
; Ignore LCELL Buffers                                                       ; Off                ; Off                ;
; Ignore SOFT Buffers                                                        ; On                 ; On                 ;
; Limit AHDL Integers to 32 Bits                                             ; Off                ; Off                ;
; Optimization Technique                                                     ; Balanced           ; Balanced           ;
; Carry Chain Length                                                         ; 70                 ; 70                 ;
; Auto Carry Chains                                                          ; On                 ; On                 ;
; Auto Open-Drain Pins                                                       ; On                 ; On                 ;
; Perform WYSIWYG Primitive Resynthesis                                      ; Off                ; Off                ;
; Auto ROM Replacement                                                       ; On                 ; On                 ;
; Auto RAM Replacement                                                       ; On                 ; On                 ;
; Auto DSP Block Replacement                                                 ; On                 ; On                 ;
; Auto Shift Register Replacement                                            ; Auto               ; Auto               ;
; Allow Shift Register Merging across Hierarchies                            ; Auto               ; Auto               ;
; Auto Clock Enable Replacement                                              ; On                 ; On                 ;
; Strict RAM Replacement                                                     ; Off                ; Off                ;
; Allow Synchronous Control Signals                                          ; On                 ; On                 ;
; Force Use of Synchronous Clear Signals                                     ; Off                ; Off                ;
; Auto RAM Block Balancing                                                   ; On                 ; On                 ;
; Auto RAM to Logic Cell Conversion                                          ; Off                ; Off                ;
; Auto Resource Sharing                                                      ; Off                ; Off                ;
; Allow Any RAM Size For Recognition                                         ; Off                ; Off                ;
; Allow Any ROM Size For Recognition                                         ; Off                ; Off                ;
; Allow Any Shift Register Size For Recognition                              ; Off                ; Off                ;
; Use LogicLock Constraints during Resource Balancing                        ; On                 ; On                 ;
; Ignore translate_off and synthesis_off directives                          ; Off                ; Off                ;
; Timing-Driven Synthesis                                                    ; On                 ; On                 ;
; Report Parameter Settings                                                  ; On                 ; On                 ;
; Report Source Assignments                                                  ; On                 ; On                 ;
; Report Connectivity Checks                                                 ; On                 ; On                 ;
; Ignore Maximum Fan-Out Assignments                                         ; Off                ; Off                ;
; Synchronization Register Chain Length                                      ; 2                  ; 2                  ;
; Power Optimization During Synthesis                                        ; Normal compilation ; Normal compilation ;
; HDL message level                                                          ; Level2             ; Level2             ;
; Suppress Register Optimization Related Messages                            ; Off                ; Off                ;
; Number of Removed Registers Reported in Synthesis Report                   ; 5000               ; 5000               ;
; Number of Swept Nodes Reported in Synthesis Report                         ; 5000               ; 5000               ;
; Number of Inverted Registers Reported in Synthesis Report                  ; 100                ; 100                ;
; Clock MUX Protection                                                       ; On                 ; On                 ;
; Auto Gated Clock Conversion                                                ; Off                ; Off                ;
; Block Design Naming                                                        ; Auto               ; Auto               ;
; SDC constraint protection                                                  ; Off                ; Off                ;
; Synthesis Effort                                                           ; Auto               ; Auto               ;
; Shift Register Replacement - Allow Asynchronous Clear Signal               ; On                 ; On                 ;
; Pre-Mapping Resynthesis Optimization                                       ; Off                ; Off                ;
; Analysis & Synthesis Message Level                                         ; Medium             ; Medium             ;
; Disable Register Merging Across Hierarchies                                ; Auto               ; Auto               ;
; Resource Aware Inference For Block RAM                                     ; On                 ; On                 ;
+----------------------------------------------------------------------------+--------------------+--------------------+


+------------------------------------------+
; Parallel Compilation                     ;
+----------------------------+-------------+
; Processors                 ; Number      ;
+----------------------------+-------------+
; Number detected on machine ; 4           ;
; Maximum allowed            ; 4           ;
;                            ;             ;
; Average used               ; 1.00        ;
; Maximum used               ; 4           ;
;                            ;             ;
; Usage by Processor         ; % Time Used ;
;     Processor 1            ; 100.0%      ;
;     Processor 2            ;   0.2%      ;
;     Processors 3-4         ;   0.1%      ;
+----------------------------+-------------+


+-------------------------------------------------------------------------------------------------------------------------------------------------------------------------------------+
; Analysis & Synthesis Source Files Read                                                                                                                                              ;
+------------------------------------------+-----------------+------------------------------------+-------------------------------------------------------------------------+---------+
; File Name with User-Entered Path         ; Used in Netlist ; File Type                          ; File Name with Absolute Path                                            ; Library ;
+------------------------------------------+-----------------+------------------------------------+-------------------------------------------------------------------------+---------+
; ../A_CPU_ALU_MD_SHIFT_1_SFT8/SFT8.v      ; yes             ; User Verilog HDL File              ; E:/ShiftCPU/A_CPU_ALU_MD_SHIFT_1_SFT8/SFT8.v                            ;         ;
; ../A_CPU_ALU_MD_SHIFT_1/SHIFT_1.bdf      ; yes             ; User Block Diagram/Schematic File  ; E:/ShiftCPU/A_CPU_ALU_MD_SHIFT_1/SHIFT_1.bdf                            ;         ;
; ../A_CPU_ALU_MD_REG0_2/REG0_2.bdf        ; yes             ; User Block Diagram/Schematic File  ; E:/ShiftCPU/A_CPU_ALU_MD_REG0_2/REG0_2.bdf                              ;         ;
; ../A_CPU_ALU_MD_Data register/LDR0_2.bdf ; yes             ; User Block Diagram/Schematic File  ; E:/ShiftCPU/A_CPU_ALU_MD_Data register/LDR0_2.bdf                       ;         ;
; ../A_CPU_ALU_MD_ALU181A/ALU81A.v         ; yes             ; User Verilog HDL File              ; E:/ShiftCPU/A_CPU_ALU_MD_ALU181A/ALU81A.v                               ;         ;
; ALU_MD.bdf                               ; yes             ; User Block Diagram/Schematic File  ; E:/ShiftCPU/A_CPU_ALU_MD/ALU_MD.bdf                                     ;         ;
; 21mux.bdf                                ; yes             ; Megafunction                       ; d:/intelfpga_lite/17.1/quartus/libraries/others/maxplus2/21mux.bdf      ;         ;
; lpm_bustri.tdf                           ; yes             ; Megafunction                       ; d:/intelfpga_lite/17.1/quartus/libraries/megafunctions/lpm_bustri.tdf   ;         ;
; 74139m.bdf                               ; yes             ; Megafunction                       ; d:/intelfpga_lite/17.1/quartus/libraries/others/maxplus2/74139m.bdf     ;         ;
; lpm_latch.tdf                            ; yes             ; Megafunction                       ; d:/intelfpga_lite/17.1/quartus/libraries/megafunctions/lpm_latch.tdf    ;         ;
; lpm_constant.inc                         ; yes             ; Megafunction                       ; d:/intelfpga_lite/17.1/quartus/libraries/megafunctions/lpm_constant.inc ;         ;
+------------------------------------------+-----------------+------------------------------------+-------------------------------------------------------------------------+---------+


+-----------------------------------------------------------+
; Analysis & Synthesis Resource Usage Summary               ;
+---------------------------------------------+-------------+
; Resource                                    ; Usage       ;
+---------------------------------------------+-------------+
; Estimated Total logic elements              ; 495         ;
;                                             ;             ;
; Total combinational functions               ; 495         ;
; Logic element usage by number of LUT inputs ;             ;
;     -- 4 input functions                    ; 235         ;
;     -- 3 input functions                    ; 163         ;
;     -- <=2 input functions                  ; 97          ;
;                                             ;             ;
; Logic elements by mode                      ;             ;
;     -- normal mode                          ; 375         ;
;     -- arithmetic mode                      ; 120         ;
;                                             ;             ;
; Total registers                             ; 10          ;
;     -- Dedicated logic registers            ; 10          ;
;     -- I/O registers                        ; 0           ;
;                                             ;             ;
; I/O pins                                    ; 96          ;
;                                             ;             ;
; Embedded Multiplier 9-bit elements          ; 0           ;
;                                             ;             ;
; Maximum fan-out node                        ; M[20]~input ;
; Maximum fan-out                             ; 95          ;
; Total fan-out                               ; 1772        ;
; Average fan-out                             ; 2.54        ;
+---------------------------------------------+-------------+


+---------------------------------------------------------------------------------------------------------------------------------------------------------------------------------------------------------------------------+
; Analysis & Synthesis Resource Utilization by Entity                                                                                                                                                                       ;
+----------------------------+---------------------+---------------------------+-------------+--------------+---------+-----------+------+--------------+--------------------------------------+-------------+--------------+
; Compilation Hierarchy Node ; Combinational ALUTs ; Dedicated Logic Registers ; Memory Bits ; DSP Elements ; DSP 9x9 ; DSP 18x18 ; Pins ; Virtual Pins ; Full Hierarchy Name                  ; Entity Name ; Library Name ;
+----------------------------+---------------------+---------------------------+-------------+--------------+---------+-----------+------+--------------+--------------------------------------+-------------+--------------+
; |ALU_MD                    ; 495 (2)             ; 10 (0)                    ; 0           ; 0            ; 0       ; 0         ; 96   ; 0            ; |ALU_MD                              ; ALU_MD      ; work         ;
;    |ALU181A:inst6|         ; 366 (366)           ; 0 (0)                     ; 0           ; 0            ; 0       ; 0         ; 0    ; 0            ; |ALU_MD|ALU181A:inst6                ; ALU181A     ; work         ;
;    |LDR0_2:inst3|          ; 7 (3)               ; 0 (0)                     ; 0           ; 0            ; 0       ; 0         ; 0    ; 0            ; |ALU_MD|LDR0_2:inst3                 ; LDR0_2      ; work         ;
;       |74139m:inst1|       ; 1 (1)               ; 0 (0)                     ; 0           ; 0            ; 0       ; 0         ; 0    ; 0            ; |ALU_MD|LDR0_2:inst3|74139m:inst1    ; 74139m      ; work         ;
;       |74139m:inst2|       ; 3 (3)               ; 0 (0)                     ; 0           ; 0            ; 0       ; 0         ; 0    ; 0            ; |ALU_MD|LDR0_2:inst3|74139m:inst2    ; 74139m      ; work         ;
;    |REG0_2:inst2|          ; 27 (3)              ; 0 (0)                     ; 0           ; 0            ; 0       ; 0         ; 0    ; 0            ; |ALU_MD|REG0_2:inst2                 ; REG0_2      ; work         ;
;       |lpm_latch:inst6|    ; 8 (8)               ; 0 (0)                     ; 0           ; 0            ; 0       ; 0         ; 0    ; 0            ; |ALU_MD|REG0_2:inst2|lpm_latch:inst6 ; lpm_latch   ; work         ;
;       |lpm_latch:inst7|    ; 8 (8)               ; 0 (0)                     ; 0           ; 0            ; 0       ; 0         ; 0    ; 0            ; |ALU_MD|REG0_2:inst2|lpm_latch:inst7 ; lpm_latch   ; work         ;
;       |lpm_latch:inst8|    ; 8 (8)               ; 0 (0)                     ; 0           ; 0            ; 0       ; 0         ; 0    ; 0            ; |ALU_MD|REG0_2:inst2|lpm_latch:inst8 ; lpm_latch   ; work         ;
;    |SHIFT_1:inst7|         ; 21 (1)              ; 10 (1)                    ; 0           ; 0            ; 0       ; 0         ; 0    ; 0            ; |ALU_MD|SHIFT_1:inst7                ; SHIFT_1     ; work         ;
;       |21mux:inst4|        ; 1 (1)               ; 0 (0)                     ; 0           ; 0            ; 0       ; 0         ; 0    ; 0            ; |ALU_MD|SHIFT_1:inst7|21mux:inst4    ; 21mux       ; work         ;
;       |SFT8:inst1|         ; 19 (19)             ; 9 (9)                     ; 0           ; 0            ; 0       ; 0         ; 0    ; 0            ; |ALU_MD|SHIFT_1:inst7|SFT8:inst1     ; SFT8        ; work         ;
;    |lpm_bustri:inst17|     ; 50 (50)             ; 0 (0)                     ; 0           ; 0            ; 0       ; 0         ; 0    ; 0            ; |ALU_MD|lpm_bustri:inst17            ; lpm_bustri  ; work         ;
;    |lpm_bustri:inst18|     ; 4 (4)               ; 0 (0)                     ; 0           ; 0            ; 0       ; 0         ; 0    ; 0            ; |ALU_MD|lpm_bustri:inst18            ; lpm_bustri  ; work         ;
;    |lpm_bustri:inst20|     ; 2 (2)               ; 0 (0)                     ; 0           ; 0            ; 0       ; 0         ; 0    ; 0            ; |ALU_MD|lpm_bustri:inst20            ; lpm_bustri  ; work         ;
;    |lpm_latch:inst1|       ; 8 (8)               ; 0 (0)                     ; 0           ; 0            ; 0       ; 0         ; 0    ; 0            ; |ALU_MD|lpm_latch:inst1              ; lpm_latch   ; work         ;
;    |lpm_latch:inst|        ; 8 (8)               ; 0 (0)                     ; 0           ; 0            ; 0       ; 0         ; 0    ; 0            ; |ALU_MD|lpm_latch:inst               ; lpm_latch   ; work         ;
+----------------------------+---------------------+---------------------------+-------------+--------------+---------+-----------+------+--------------+--------------------------------------+-------------+--------------+
Note: For table entries with two numbers listed, the numbers in parentheses indicate the number of resources of the given type used by the specific entity alone. The numbers listed outside of parentheses indicate the total resources of the given type used by the specific entity and all of its sub-entities in the hierarchy.


+----------------------------------------------------------------------------------------------------+
; User-Specified and Inferred Latches                                                                ;
+-----------------------------------------------------+---------------------+------------------------+
; Latch Name                                          ; Latch Enable Signal ; Free of Timing Hazards ;
+-----------------------------------------------------+---------------------+------------------------+
; lpm_latch:inst|latches[0]                           ; inst4               ; yes                    ;
; lpm_latch:inst1|latches[0]                          ; inst5               ; yes                    ;
; lpm_latch:inst|latches[1]                           ; inst4               ; yes                    ;
; lpm_latch:inst1|latches[1]                          ; inst5               ; yes                    ;
; lpm_latch:inst|latches[2]                           ; inst4               ; yes                    ;
; lpm_latch:inst1|latches[2]                          ; inst5               ; yes                    ;
; lpm_latch:inst|latches[3]                           ; inst4               ; yes                    ;
; lpm_latch:inst1|latches[3]                          ; inst5               ; yes                    ;
; lpm_latch:inst|latches[4]                           ; inst4               ; yes                    ;
; lpm_latch:inst1|latches[4]                          ; inst5               ; yes                    ;
; lpm_latch:inst|latches[5]                           ; inst4               ; yes                    ;
; lpm_latch:inst1|latches[5]                          ; inst5               ; yes                    ;
; lpm_latch:inst|latches[6]                           ; inst4               ; yes                    ;
; lpm_latch:inst1|latches[6]                          ; inst5               ; yes                    ;
; lpm_latch:inst|latches[7]                           ; inst4               ; yes                    ;
; lpm_latch:inst1|latches[7]                          ; inst5               ; yes                    ;
; REG0_2:inst2|lpm_latch:inst6|latches[7]             ; REG0_2:inst2|inst   ; yes                    ;
; REG0_2:inst2|lpm_latch:inst6|latches[6]             ; REG0_2:inst2|inst   ; yes                    ;
; REG0_2:inst2|lpm_latch:inst6|latches[5]             ; REG0_2:inst2|inst   ; yes                    ;
; REG0_2:inst2|lpm_latch:inst6|latches[4]             ; REG0_2:inst2|inst   ; yes                    ;
; REG0_2:inst2|lpm_latch:inst6|latches[3]             ; REG0_2:inst2|inst   ; yes                    ;
; REG0_2:inst2|lpm_latch:inst6|latches[2]             ; REG0_2:inst2|inst   ; yes                    ;
; REG0_2:inst2|lpm_latch:inst6|latches[1]             ; REG0_2:inst2|inst   ; yes                    ;
; REG0_2:inst2|lpm_latch:inst6|latches[0]             ; REG0_2:inst2|inst   ; yes                    ;
; REG0_2:inst2|lpm_latch:inst8|latches[7]             ; REG0_2:inst2|inst3  ; yes                    ;
; REG0_2:inst2|lpm_latch:inst7|latches[7]             ; REG0_2:inst2|inst2  ; yes                    ;
; REG0_2:inst2|lpm_latch:inst8|latches[6]             ; REG0_2:inst2|inst3  ; yes                    ;
; REG0_2:inst2|lpm_latch:inst7|latches[6]             ; REG0_2:inst2|inst2  ; yes                    ;
; REG0_2:inst2|lpm_latch:inst8|latches[5]             ; REG0_2:inst2|inst3  ; yes                    ;
; REG0_2:inst2|lpm_latch:inst7|latches[5]             ; REG0_2:inst2|inst2  ; yes                    ;
; REG0_2:inst2|lpm_latch:inst8|latches[4]             ; REG0_2:inst2|inst3  ; yes                    ;
; REG0_2:inst2|lpm_latch:inst7|latches[4]             ; REG0_2:inst2|inst2  ; yes                    ;
; REG0_2:inst2|lpm_latch:inst8|latches[3]             ; REG0_2:inst2|inst3  ; yes                    ;
; REG0_2:inst2|lpm_latch:inst7|latches[3]             ; REG0_2:inst2|inst2  ; yes                    ;
; REG0_2:inst2|lpm_latch:inst8|latches[2]             ; REG0_2:inst2|inst3  ; yes                    ;
; REG0_2:inst2|lpm_latch:inst7|latches[2]             ; REG0_2:inst2|inst2  ; yes                    ;
; REG0_2:inst2|lpm_latch:inst8|latches[1]             ; REG0_2:inst2|inst3  ; yes                    ;
; REG0_2:inst2|lpm_latch:inst7|latches[1]             ; REG0_2:inst2|inst2  ; yes                    ;
; REG0_2:inst2|lpm_latch:inst8|latches[0]             ; REG0_2:inst2|inst3  ; yes                    ;
; REG0_2:inst2|lpm_latch:inst7|latches[0]             ; REG0_2:inst2|inst2  ; yes                    ;
; Number of user-specified and inferred latches = 40  ;                     ;                        ;
+-----------------------------------------------------+---------------------+------------------------+
Note: All latches listed above may not be present at the end of synthesis due to various synthesis optimizations.


+------------------------------------------------------+
; General Register Statistics                          ;
+----------------------------------------------+-------+
; Statistic                                    ; Value ;
+----------------------------------------------+-------+
; Total registers                              ; 10    ;
; Number of registers using Synchronous Clear  ; 0     ;
; Number of registers using Synchronous Load   ; 1     ;
; Number of registers using Asynchronous Clear ; 1     ;
; Number of registers using Asynchronous Load  ; 0     ;
; Number of registers using Clock Enable       ; 0     ;
; Number of registers using Preset             ; 0     ;
+----------------------------------------------+-------+


+-------------------------------------------------------------------------------------------------------------------------------------------------------+
; Multiplexer Restructuring Statistics (Restructuring Performed)                                                                                        ;
+--------------------+-----------+---------------+----------------------+------------------------+------------+-----------------------------------------+
; Multiplexer Inputs ; Bus Width ; Baseline Area ; Area if Restructured ; Saving if Restructured ; Registered ; Example Multiplexer Output              ;
+--------------------+-----------+---------------+----------------------+------------------------+------------+-----------------------------------------+
; 4:1                ; 6 bits    ; 12 LEs        ; 12 LEs               ; 0 LEs                  ; Yes        ; |ALU_MD|SHIFT_1:inst7|SFT8:inst1|REG[6] ;
; 31:1               ; 8 bits    ; 160 LEs       ; 160 LEs              ; 0 LEs                  ; No         ; |ALU_MD|ALU181A:inst6|Mux1              ;
+--------------------+-----------+---------------+----------------------+------------------------+------------+-----------------------------------------+


+----------------------------------------------------------------+
; Parameter Settings for User Entity Instance: LPM_BUSTRI:inst17 ;
+----------------+-------+---------------------------------------+
; Parameter Name ; Value ; Type                                  ;
+----------------+-------+---------------------------------------+
; LPM_WIDTH      ; 8     ; Untyped                               ;
+----------------+-------+---------------------------------------+
Note: In order to hide this table in the UI and the text report file, please set the "Show Parameter Settings in Synthesis Report" option in "Analysis and Synthesis Settings -> More Settings" to "Off".


+----------------------------------------------------------------+
; Parameter Settings for User Entity Instance: LPM_BUSTRI:inst16 ;
+----------------+-------+---------------------------------------+
; Parameter Name ; Value ; Type                                  ;
+----------------+-------+---------------------------------------+
; LPM_WIDTH      ; 8     ; Untyped                               ;
+----------------+-------+---------------------------------------+
Note: In order to hide this table in the UI and the text report file, please set the "Show Parameter Settings in Synthesis Report" option in "Analysis and Synthesis Settings -> More Settings" to "Off".


+----------------------------------------------------------------+
; Parameter Settings for User Entity Instance: LPM_BUSTRI:inst21 ;
+----------------+-------+---------------------------------------+
; Parameter Name ; Value ; Type                                  ;
+----------------+-------+---------------------------------------+
; LPM_WIDTH      ; 8     ; Untyped                               ;
+----------------+-------+---------------------------------------+
Note: In order to hide this table in the UI and the text report file, please set the "Show Parameter Settings in Synthesis Report" option in "Analysis and Synthesis Settings -> More Settings" to "Off".


+----------------------------------------------------------------+
; Parameter Settings for User Entity Instance: LPM_BUSTRI:inst20 ;
+----------------+-------+---------------------------------------+
; Parameter Name ; Value ; Type                                  ;
+----------------+-------+---------------------------------------+
; LPM_WIDTH      ; 8     ; Untyped                               ;
+----------------+-------+---------------------------------------+
Note: In order to hide this table in the UI and the text report file, please set the "Show Parameter Settings in Synthesis Report" option in "Analysis and Synthesis Settings -> More Settings" to "Off".


+---------------------------------------------------------------------------+
; Parameter Settings for User Entity Instance: REG0_2:inst2|LPM_LATCH:inst6 ;
+----------------+--------+-------------------------------------------------+
; Parameter Name ; Value  ; Type                                            ;
+----------------+--------+-------------------------------------------------+
; LPM_WIDTH      ; 8      ; Untyped                                         ;
; LPM_AVALUE     ; UNUSED ; Untyped                                         ;
+----------------+--------+-------------------------------------------------+
Note: In order to hide this table in the UI and the text report file, please set the "Show Parameter Settings in Synthesis Report" option in "Analysis and Synthesis Settings -> More Settings" to "Off".


+---------------------------------------------------------------------------+
; Parameter Settings for User Entity Instance: REG0_2:inst2|LPM_LATCH:inst7 ;
+----------------+--------+-------------------------------------------------+
; Parameter Name ; Value  ; Type                                            ;
+----------------+--------+-------------------------------------------------+
; LPM_WIDTH      ; 8      ; Untyped                                         ;
; LPM_AVALUE     ; UNUSED ; Untyped                                         ;
+----------------+--------+-------------------------------------------------+
Note: In order to hide this table in the UI and the text report file, please set the "Show Parameter Settings in Synthesis Report" option in "Analysis and Synthesis Settings -> More Settings" to "Off".


+---------------------------------------------------------------------------+
; Parameter Settings for User Entity Instance: REG0_2:inst2|LPM_LATCH:inst8 ;
+----------------+--------+-------------------------------------------------+
; Parameter Name ; Value  ; Type                                            ;
+----------------+--------+-------------------------------------------------+
; LPM_WIDTH      ; 8      ; Untyped                                         ;
; LPM_AVALUE     ; UNUSED ; Untyped                                         ;
+----------------+--------+-------------------------------------------------+
Note: In order to hide this table in the UI and the text report file, please set the "Show Parameter Settings in Synthesis Report" option in "Analysis and Synthesis Settings -> More Settings" to "Off".


+----------------------------------------------------------------+
; Parameter Settings for User Entity Instance: LPM_BUSTRI:inst18 ;
+----------------+-------+---------------------------------------+
; Parameter Name ; Value ; Type                                  ;
+----------------+-------+---------------------------------------+
; LPM_WIDTH      ; 8     ; Untyped                               ;
+----------------+-------+---------------------------------------+
Note: In order to hide this table in the UI and the text report file, please set the "Show Parameter Settings in Synthesis Report" option in "Analysis and Synthesis Settings -> More Settings" to "Off".


+----------------------------------------------------------------+
; Parameter Settings for User Entity Instance: LPM_BUSTRI:inst19 ;
+----------------+-------+---------------------------------------+
; Parameter Name ; Value ; Type                                  ;
+----------------+-------+---------------------------------------+
; LPM_WIDTH      ; 8     ; Untyped                               ;
+----------------+-------+---------------------------------------+
Note: In order to hide this table in the UI and the text report file, please set the "Show Parameter Settings in Synthesis Report" option in "Analysis and Synthesis Settings -> More Settings" to "Off".


+-------------------------------------------------------------+
; Parameter Settings for User Entity Instance: LPM_LATCH:inst ;
+----------------+--------+-----------------------------------+
; Parameter Name ; Value  ; Type                              ;
+----------------+--------+-----------------------------------+
; LPM_WIDTH      ; 8      ; Untyped                           ;
; LPM_AVALUE     ; UNUSED ; Untyped                           ;
+----------------+--------+-----------------------------------+
Note: In order to hide this table in the UI and the text report file, please set the "Show Parameter Settings in Synthesis Report" option in "Analysis and Synthesis Settings -> More Settings" to "Off".


+--------------------------------------------------------------+
; Parameter Settings for User Entity Instance: LPM_LATCH:inst1 ;
+----------------+--------+------------------------------------+
; Parameter Name ; Value  ; Type                               ;
+----------------+--------+------------------------------------+
; LPM_WIDTH      ; 8      ; Untyped                            ;
; LPM_AVALUE     ; UNUSED ; Untyped                            ;
+----------------+--------+------------------------------------+
Note: In order to hide this table in the UI and the text report file, please set the "Show Parameter Settings in Synthesis Report" option in "Analysis and Synthesis Settings -> More Settings" to "Off".


+-----------------------------------------------------+
; Post-Synthesis Netlist Statistics for Top Partition ;
+-----------------------+-----------------------------+
; Type                  ; Count                       ;
+-----------------------+-----------------------------+
; boundary_port         ; 96                          ;
; cycloneiii_ff         ; 10                          ;
;     CLR               ; 1                           ;
;     SLD               ; 1                           ;
;     plain             ; 8                           ;
; cycloneiii_io_obuf    ; 8                           ;
; cycloneiii_lcell_comb ; 497                         ;
;     arith             ; 120                         ;
;         2 data inputs ; 22                          ;
;         3 data inputs ; 98                          ;
;     normal            ; 377                         ;
;         0 data inputs ; 15                          ;
;         1 data inputs ; 1                           ;
;         2 data inputs ; 61                          ;
;         3 data inputs ; 65                          ;
;         4 data inputs ; 235                         ;
;                       ;                             ;
; Max LUT depth         ; 11.00                       ;
; Average LUT depth     ; 6.87                        ;
+-----------------------+-----------------------------+


+-------------------------------+
; Elapsed Time Per Partition    ;
+----------------+--------------+
; Partition Name ; Elapsed Time ;
+----------------+--------------+
; Top            ; 00:00:01     ;
+----------------+--------------+


+-------------------------------+
; Analysis & Synthesis Messages ;
+-------------------------------+
Info: *******************************************************************
Info: Running Quartus Prime Analysis & Synthesis
    Info: Version 17.1.1 Internal Build 593 12/11/2017 SJ Lite Edition
    Info: Processing started: Mon May 27 16:22:52 2019
Info: Command: quartus_map --read_settings_files=on --write_settings_files=off ALU_MD -c ALU_MD
Warning (18236): Number of processors has not been specified which may cause overloading on shared machines.  Set the global assignment NUM_PARALLEL_PROCESSORS in your QSF to an appropriate value for best performance.
Info (20030): Parallel compilation is enabled and will use 4 of the 4 processors detected
Info (12021): Found 1 design units, including 1 entities, in source file /shiftcpu/a_cpu_alu_md_shift_1_sft8/sft8.v
    Info (12023): Found entity 1: SFT8 File: E:/ShiftCPU/A_CPU_ALU_MD_SHIFT_1_SFT8/SFT8.v Line: 1
Info (12021): Found 1 design units, including 1 entities, in source file /shiftcpu/a_cpu_alu_md_shift_1/shift_1.bdf
    Info (12023): Found entity 1: SHIFT_1
Info (12021): Found 1 design units, including 1 entities, in source file /shiftcpu/a_cpu_alu_md_reg0_2/reg0_2.bdf
    Info (12023): Found entity 1: REG0_2
Info (12021): Found 1 design units, including 1 entities, in source file /shiftcpu/a_cpu_alu_md_data register/ldr0_2.bdf
    Info (12023): Found entity 1: LDR0_2
Info (12021): Found 1 design units, including 1 entities, in source file /shiftcpu/a_cpu_alu_md_alu181a/alu81a.v
    Info (12023): Found entity 1: ALU181A File: E:/ShiftCPU/A_CPU_ALU_MD_ALU181A/ALU81A.v Line: 1
Warning (12019): Can't analyze file -- file ../11.bdf is missing
Info (12021): Found 1 design units, including 1 entities, in source file alu_md.bdf
    Info (12023): Found entity 1: ALU_MD
Info (12127): Elaborating entity "ALU_MD" for the top level hierarchy
Warning (275043): Pin "R1[7..0]" is missing source
Warning (275043): Pin "R2[7..0]" is missing source
Info (12128): Elaborating entity "ALU181A" for hierarchy "ALU181A:inst6"
Info (12128): Elaborating entity "SHIFT_1" for hierarchy "SHIFT_1:inst7"
Info (12128): Elaborating entity "21mux" for hierarchy "SHIFT_1:inst7|21mux:inst4"
Info (12130): Elaborated megafunction instantiation "SHIFT_1:inst7|21mux:inst4"
Info (12128): Elaborating entity "SFT8" for hierarchy "SHIFT_1:inst7|SFT8:inst1"
Info (12128): Elaborating entity "LPM_BUSTRI" for hierarchy "LPM_BUSTRI:inst17"
Info (12130): Elaborated megafunction instantiation "LPM_BUSTRI:inst17"
Info (12133): Instantiated megafunction "LPM_BUSTRI:inst17" with the following parameter:
    Info (12134): Parameter "LPM_WIDTH" = "8"
Info (12128): Elaborating entity "LDR0_2" for hierarchy "LDR0_2:inst3"
Warning (275011): Block or symbol "NOT" of instance "inst7" overlaps another block or symbol
Info (12128): Elaborating entity "74139M" for hierarchy "LDR0_2:inst3|74139M:inst"
Info (12130): Elaborated megafunction instantiation "LDR0_2:inst3|74139M:inst"
Info (12128): Elaborating entity "REG0_2" for hierarchy "REG0_2:inst2"
Warning (275011): Block or symbol "LPM_LATCH" of instance "inst7" overlaps another block or symbol
Info (12128): Elaborating entity "LPM_LATCH" for hierarchy "REG0_2:inst2|LPM_LATCH:inst6"
Info (12130): Elaborated megafunction instantiation "REG0_2:inst2|LPM_LATCH:inst6"
Info (12133): Instantiated megafunction "REG0_2:inst2|LPM_LATCH:inst6" with the following parameter:
    Info (12134): Parameter "LPM_WIDTH" = "8"
Warning (13046): Tri-state node(s) do not directly drive top-level pin(s)
    Warning (13047): Converted the fan-out from the tri-state buffer "lpm_bustri:inst17|dout[7]" to the node "REG0_2:inst2|lpm_latch:inst6|latches[7]" into an OR gate File: d:/intelfpga_lite/17.1/quartus/libraries/megafunctions/lpm_bustri.tdf Line: 43
    Warning (13047): Converted the fan-out from the tri-state buffer "lpm_bustri:inst17|dout[6]" to the node "REG0_2:inst2|lpm_latch:inst6|latches[6]" into an OR gate File: d:/intelfpga_lite/17.1/quartus/libraries/megafunctions/lpm_bustri.tdf Line: 43
    Warning (13047): Converted the fan-out from the tri-state buffer "lpm_bustri:inst17|dout[5]" to the node "REG0_2:inst2|lpm_latch:inst6|latches[5]" into an OR gate File: d:/intelfpga_lite/17.1/quartus/libraries/megafunctions/lpm_bustri.tdf Line: 43
    Warning (13047): Converted the fan-out from the tri-state buffer "lpm_bustri:inst17|dout[4]" to the node "REG0_2:inst2|lpm_latch:inst6|latches[4]" into an OR gate File: d:/intelfpga_lite/17.1/quartus/libraries/megafunctions/lpm_bustri.tdf Line: 43
    Warning (13047): Converted the fan-out from the tri-state buffer "lpm_bustri:inst17|dout[3]" to the node "REG0_2:inst2|lpm_latch:inst6|latches[3]" into an OR gate File: d:/intelfpga_lite/17.1/quartus/libraries/megafunctions/lpm_bustri.tdf Line: 43
    Warning (13047): Converted the fan-out from the tri-state buffer "lpm_bustri:inst17|dout[2]" to the node "REG0_2:inst2|lpm_latch:inst6|latches[2]" into an OR gate File: d:/intelfpga_lite/17.1/quartus/libraries/megafunctions/lpm_bustri.tdf Line: 43
    Warning (13047): Converted the fan-out from the tri-state buffer "lpm_bustri:inst17|dout[1]" to the node "REG0_2:inst2|lpm_latch:inst6|latches[1]" into an OR gate File: d:/intelfpga_lite/17.1/quartus/libraries/megafunctions/lpm_bustri.tdf Line: 43
    Warning (13047): Converted the fan-out from the tri-state buffer "lpm_bustri:inst17|dout[0]" to the node "REG0_2:inst2|lpm_latch:inst6|latches[0]" into an OR gate File: d:/intelfpga_lite/17.1/quartus/libraries/megafunctions/lpm_bustri.tdf Line: 43
Warning (13012): Latch REG0_2:inst2|lpm_latch:inst6|latches[7] has unsafe behavior File: d:/intelfpga_lite/17.1/quartus/libraries/megafunctions/lpm_latch.tdf Line: 53
    Warning (13013): Ports D and ENA on the latch are fed by the same signal IR[1]
Warning (13012): Latch REG0_2:inst2|lpm_latch:inst6|latches[6] has unsafe behavior File: d:/intelfpga_lite/17.1/quartus/libraries/megafunctions/lpm_latch.tdf Line: 53
    Warning (13013): Ports D and ENA on the latch are fed by the same signal IR[1]
Warning (13012): Latch REG0_2:inst2|lpm_latch:inst6|latches[5] has unsafe behavior File: d:/intelfpga_lite/17.1/quartus/libraries/megafunctions/lpm_latch.tdf Line: 53
    Warning (13013): Ports D and ENA on the latch are fed by the same signal IR[1]
Warning (13012): Latch REG0_2:inst2|lpm_latch:inst6|latches[4] has unsafe behavior File: d:/intelfpga_lite/17.1/quartus/libraries/megafunctions/lpm_latch.tdf Line: 53
    Warning (13013): Ports D and ENA on the latch are fed by the same signal IR[1]
Warning (13012): Latch REG0_2:inst2|lpm_latch:inst6|latches[3] has unsafe behavior File: d:/intelfpga_lite/17.1/quartus/libraries/megafunctions/lpm_latch.tdf Line: 53
    Warning (13013): Ports D and ENA on the latch are fed by the same signal IR[1]
Warning (13012): Latch REG0_2:inst2|lpm_latch:inst6|latches[2] has unsafe behavior File: d:/intelfpga_lite/17.1/quartus/libraries/megafunctions/lpm_latch.tdf Line: 53
    Warning (13013): Ports D and ENA on the latch are fed by the same signal IR[1]
Warning (13012): Latch REG0_2:inst2|lpm_latch:inst6|latches[1] has unsafe behavior File: d:/intelfpga_lite/17.1/quartus/libraries/megafunctions/lpm_latch.tdf Line: 53
    Warning (13013): Ports D and ENA on the latch are fed by the same signal IR[1]
Warning (13012): Latch REG0_2:inst2|lpm_latch:inst6|latches[0] has unsafe behavior File: d:/intelfpga_lite/17.1/quartus/libraries/megafunctions/lpm_latch.tdf Line: 53
    Warning (13013): Ports D and ENA on the latch are fed by the same signal IR[1]
Warning (13012): Latch REG0_2:inst2|lpm_latch:inst8|latches[7] has unsafe behavior File: d:/intelfpga_lite/17.1/quartus/libraries/megafunctions/lpm_latch.tdf Line: 53
    Warning (13013): Ports D and ENA on the latch are fed by the same signal IR[1]
Warning (13012): Latch REG0_2:inst2|lpm_latch:inst7|latches[7] has unsafe behavior File: d:/intelfpga_lite/17.1/quartus/libraries/megafunctions/lpm_latch.tdf Line: 53
    Warning (13013): Ports D and ENA on the latch are fed by the same signal IR[1]
Warning (13012): Latch REG0_2:inst2|lpm_latch:inst8|latches[6] has unsafe behavior File: d:/intelfpga_lite/17.1/quartus/libraries/megafunctions/lpm_latch.tdf Line: 53
    Warning (13013): Ports D and ENA on the latch are fed by the same signal IR[1]
Warning (13012): Latch REG0_2:inst2|lpm_latch:inst7|latches[6] has unsafe behavior File: d:/intelfpga_lite/17.1/quartus/libraries/megafunctions/lpm_latch.tdf Line: 53
    Warning (13013): Ports D and ENA on the latch are fed by the same signal IR[1]
Warning (13012): Latch REG0_2:inst2|lpm_latch:inst8|latches[5] has unsafe behavior File: d:/intelfpga_lite/17.1/quartus/libraries/megafunctions/lpm_latch.tdf Line: 53
    Warning (13013): Ports D and ENA on the latch are fed by the same signal IR[1]
Warning (13012): Latch REG0_2:inst2|lpm_latch:inst7|latches[5] has unsafe behavior File: d:/intelfpga_lite/17.1/quartus/libraries/megafunctions/lpm_latch.tdf Line: 53
    Warning (13013): Ports D and ENA on the latch are fed by the same signal IR[1]
Warning (13012): Latch REG0_2:inst2|lpm_latch:inst8|latches[4] has unsafe behavior File: d:/intelfpga_lite/17.1/quartus/libraries/megafunctions/lpm_latch.tdf Line: 53
    Warning (13013): Ports D and ENA on the latch are fed by the same signal IR[1]
Warning (13012): Latch REG0_2:inst2|lpm_latch:inst7|latches[4] has unsafe behavior File: d:/intelfpga_lite/17.1/quartus/libraries/megafunctions/lpm_latch.tdf Line: 53
    Warning (13013): Ports D and ENA on the latch are fed by the same signal IR[1]
Warning (13012): Latch REG0_2:inst2|lpm_latch:inst8|latches[3] has unsafe behavior File: d:/intelfpga_lite/17.1/quartus/libraries/megafunctions/lpm_latch.tdf Line: 53
    Warning (13013): Ports D and ENA on the latch are fed by the same signal IR[1]
Warning (13012): Latch REG0_2:inst2|lpm_latch:inst7|latches[3] has unsafe behavior File: d:/intelfpga_lite/17.1/quartus/libraries/megafunctions/lpm_latch.tdf Line: 53
    Warning (13013): Ports D and ENA on the latch are fed by the same signal IR[1]
Warning (13012): Latch REG0_2:inst2|lpm_latch:inst8|latches[2] has unsafe behavior File: d:/intelfpga_lite/17.1/quartus/libraries/megafunctions/lpm_latch.tdf Line: 53
    Warning (13013): Ports D and ENA on the latch are fed by the same signal IR[1]
Warning (13012): Latch REG0_2:inst2|lpm_latch:inst7|latches[2] has unsafe behavior File: d:/intelfpga_lite/17.1/quartus/libraries/megafunctions/lpm_latch.tdf Line: 53
    Warning (13013): Ports D and ENA on the latch are fed by the same signal IR[1]
Warning (13012): Latch REG0_2:inst2|lpm_latch:inst8|latches[1] has unsafe behavior File: d:/intelfpga_lite/17.1/quartus/libraries/megafunctions/lpm_latch.tdf Line: 53
    Warning (13013): Ports D and ENA on the latch are fed by the same signal IR[1]
Warning (13012): Latch REG0_2:inst2|lpm_latch:inst7|latches[1] has unsafe behavior File: d:/intelfpga_lite/17.1/quartus/libraries/megafunctions/lpm_latch.tdf Line: 53
    Warning (13013): Ports D and ENA on the latch are fed by the same signal IR[1]
Warning (13012): Latch REG0_2:inst2|lpm_latch:inst8|latches[0] has unsafe behavior File: d:/intelfpga_lite/17.1/quartus/libraries/megafunctions/lpm_latch.tdf Line: 53
    Warning (13013): Ports D and ENA on the latch are fed by the same signal IR[1]
Warning (13012): Latch REG0_2:inst2|lpm_latch:inst7|latches[0] has unsafe behavior File: d:/intelfpga_lite/17.1/quartus/libraries/megafunctions/lpm_latch.tdf Line: 53
    Warning (13013): Ports D and ENA on the latch are fed by the same signal IR[1]
Warning (13024): Output pins are stuck at VCC or GND
    Warning (13410): Pin "R1[7]" is stuck at GND
    Warning (13410): Pin "R1[6]" is stuck at GND
    Warning (13410): Pin "R1[5]" is stuck at GND
    Warning (13410): Pin "R1[4]" is stuck at GND
    Warning (13410): Pin "R1[3]" is stuck at GND
    Warning (13410): Pin "R1[2]" is stuck at GND
    Warning (13410): Pin "R1[1]" is stuck at GND
    Warning (13410): Pin "R1[0]" is stuck at GND
    Warning (13410): Pin "R2[7]" is stuck at GND
    Warning (13410): Pin "R2[6]" is stuck at GND
    Warning (13410): Pin "R2[5]" is stuck at GND
    Warning (13410): Pin "R2[4]" is stuck at GND
    Warning (13410): Pin "R2[3]" is stuck at GND
    Warning (13410): Pin "R2[2]" is stuck at GND
    Warning (13410): Pin "R2[1]" is stuck at GND
    Warning (13410): Pin "R2[0]" is stuck at GND
Info (286030): Timing-Driven Synthesis is running
Info (16010): Generating hard_block partition "hard_block:auto_generated_inst"
    Info (16011): Adding 0 node(s), including 0 DDIO, 0 PLL, 0 transceiver and 0 LCELL
Info (21057): Implemented 591 device resources after synthesis - the final resource count might be different
    Info (21058): Implemented 30 input pins
    Info (21059): Implemented 66 output pins
    Info (21061): Implemented 495 logic cells
Info: Quartus Prime Analysis & Synthesis was successful. 0 errors, 80 warnings
    Info: Peak virtual memory: 4792 megabytes
    Info: Processing ended: Mon May 27 16:23:03 2019
    Info: Elapsed time: 00:00:11
    Info: Total CPU time (on all processors): 00:00:23


