Flow report for A_CPU
Mon May 27 15:06:51 2019
Quartus Prime Version 17.1.1 Internal Build 593 12/11/2017 SJ Lite Edition


---------------------
; Table of Contents ;
---------------------
  1. Legal Notice
  2. Flow Summary
  3. Flow Settings
  4. Flow Non-Default Global Settings
  5. Flow Elapsed Time
  6. Flow OS Summary
  7. Flow Log
  8. Flow Messages
  9. Flow Suppressed Messages



----------------
; Legal Notice ;
----------------
Copyright (C) 2017  Intel Corporation. All rights reserved.
Your use of Intel Corporation's design tools, logic functions 
and other software and tools, and its AMPP partner logic 
functions, and any output files from any of the foregoing 
(including device programming or simulation files), and any 
associated documentation or information are expressly subject 
to the terms and conditions of the Intel Program License 
Subscription Agreement, the Intel Quartus Prime License Agreement,
the Intel FPGA IP License Agreement, or other applicable license
agreement, including, without limitation, that your use is for
the sole purpose of programming logic devices manufactured by
Intel and sold by Intel or its authorized distributors.  Please
refer to the applicable agreement for further details.



+-------------------------------------------------------------------------------------------+
; Flow Summary                                                                              ;
+------------------------------------+------------------------------------------------------+
; Flow Status                        ; Successful - Mon May 27 15:06:51 2019                ;
; Quartus Prime Version              ; 17.1.1 Internal Build 593 12/11/2017 SJ Lite Edition ;
; Revision Name                      ; A_CPU                                                ;
; Top-level Entity Name              ; A_CPU                                                ;
; Family                             ; Cyclone IV E                                         ;
; Device                             ; EP4CE30F29C8                                         ;
; Timing Models                      ; Final                                                ;
; Total logic elements               ; 867 / 28,848 ( 3 % )                                 ;
;     Total combinational functions  ; 840 / 28,848 ( 3 % )                                 ;
;     Dedicated logic registers      ; 222 / 28,848 ( < 1 % )                               ;
; Total registers                    ; 222                                                  ;
; Total pins                         ; 135 / 533 ( 25 % )                                   ;
; Total virtual pins                 ; 0                                                    ;
; Total memory bits                  ; 3,584 / 608,256 ( < 1 % )                            ;
; Embedded Multiplier 9-bit elements ; 0 / 132 ( 0 % )                                      ;
; Total PLLs                         ; 0 / 4 ( 0 % )                                        ;
+------------------------------------+------------------------------------------------------+


+-----------------------------------------+
; Flow Settings                           ;
+-------------------+---------------------+
; Option            ; Setting             ;
+-------------------+---------------------+
; Start date & time ; 05/27/2019 15:04:22 ;
; Main task         ; Compilation         ;
; Revision Name     ; A_CPU               ;
+-------------------+---------------------+


+-------------------------------------------------------------------------------------------------------------------------+
; Flow Non-Default Global Settings                                                                                        ;
+-------------------------------------+----------------------------------------+---------------+-------------+------------+
; Assignment Name                     ; Value                                  ; Default Value ; Entity Name ; Section Id ;
+-------------------------------------+----------------------------------------+---------------+-------------+------------+
; COMPILER_SIGNATURE_ID               ; 141812762084971.155894066104336        ; --            ; --          ; --         ;
; MAX_CORE_JUNCTION_TEMP              ; 85                                     ; --            ; --          ; --         ;
; MIN_CORE_JUNCTION_TEMP              ; 0                                      ; --            ; --          ; --         ;
; MISC_FILE                           ; RAM8.bsf                               ; --            ; --          ; --         ;
; MISC_FILE                           ; RAM8_bb.v                              ; --            ; --          ; --         ;
; PARTITION_COLOR                     ; -- (Not supported for targeted family) ; --            ; --          ; Top        ;
; PARTITION_FITTER_PRESERVATION_LEVEL ; -- (Not supported for targeted family) ; --            ; --          ; Top        ;
; PARTITION_NETLIST_TYPE              ; -- (Not supported for targeted family) ; --            ; --          ; Top        ;
; POWER_BOARD_THERMAL_MODEL           ; None (CONSERVATIVE)                    ; --            ; --          ; --         ;
; POWER_PRESET_COOLING_SOLUTION       ; 23 MM HEAT SINK WITH 200 LFPM AIRFLOW  ; --            ; --          ; --         ;
; PROJECT_OUTPUT_DIRECTORY            ; output_files                           ; --            ; --          ; --         ;
+-------------------------------------+----------------------------------------+---------------+-------------+------------+


+-------------------------------------------------------------------------------------------------------------------------------+
; Flow Elapsed Time                                                                                                             ;
+---------------------------+--------------+-------------------------+---------------------+------------------------------------+
; Module Name               ; Elapsed Time ; Average Processors Used ; Peak Virtual Memory ; Total CPU Time (on all processors) ;
+---------------------------+--------------+-------------------------+---------------------+------------------------------------+
; Analysis & Synthesis      ; 00:01:05     ; 1.0                     ; 4844 MB             ; 00:01:25                           ;
; Fitter                    ; 00:00:32     ; 1.0                     ; 5607 MB             ; 00:00:23                           ;
; Assembler                 ; 00:00:04     ; 1.0                     ; 4706 MB             ; 00:00:03                           ;
; TimeQuest Timing Analyzer ; 00:00:06     ; 1.1                     ; 4825 MB             ; 00:00:05                           ;
; EDA Netlist Writer        ; 00:00:01     ; 1.0                     ; 4655 MB             ; 00:00:01                           ;
; EDA Netlist Writer        ; 00:00:03     ; 1.0                     ; 4667 MB             ; 00:00:02                           ;
; Total                     ; 00:01:51     ; --                      ; --                  ; 00:01:59                           ;
+---------------------------+--------------+-------------------------+---------------------+------------------------------------+


+-----------------------------------------------------------------------------------------+
; Flow OS Summary                                                                         ;
+---------------------------+------------------+------------+------------+----------------+
; Module Name               ; Machine Hostname ; OS Name    ; OS Version ; Processor type ;
+---------------------------+------------------+------------+------------+----------------+
; Analysis & Synthesis      ; DESKTOP-6F0UEUH  ; Windows 10 ; 10.0       ; x86_64         ;
; Fitter                    ; DESKTOP-6F0UEUH  ; Windows 10 ; 10.0       ; x86_64         ;
; Assembler                 ; DESKTOP-6F0UEUH  ; Windows 10 ; 10.0       ; x86_64         ;
; TimeQuest Timing Analyzer ; DESKTOP-6F0UEUH  ; Windows 10 ; 10.0       ; x86_64         ;
; EDA Netlist Writer        ; DESKTOP-6F0UEUH  ; Windows 10 ; 10.0       ; x86_64         ;
; EDA Netlist Writer        ; DESKTOP-6F0UEUH  ; Windows 10 ; 10.0       ; x86_64         ;
+---------------------------+------------------+------------+------------+----------------+


------------
; Flow Log ;
------------
quartus_map --read_settings_files=on --write_settings_files=off A_CPU -c A_CPU
quartus_fit --read_settings_files=off --write_settings_files=off A_CPU -c A_CPU
quartus_asm --read_settings_files=off --write_settings_files=off A_CPU -c A_CPU
quartus_sta A_CPU -c A_CPU
quartus_eda --gen_testbench --tool=modelsim_oem --format=verilog --write_settings_files=off A_CPU -c A_CPU --vector_source=E:/CPU/A_CPU/Waveform.vwf --testbench_file=E:/CPU/A_CPU/simulation/qsim/Waveform.vwf.vt
quartus_eda --write_settings_files=off --simulation=on --functional=on --flatten_buses=off --tool=modelsim_oem --format=verilog --output_directory=E:/CPU/A_CPU/simulation/qsim/ A_CPU -c A_CPU



