Flow report for SFT8
Sat May 25 18:12:33 2019
Quartus Prime Version 17.1.1 Internal Build 593 12/11/2017 SJ Lite Edition


---------------------
; Table of Contents ;
---------------------
  1. Legal Notice
  2. Flow Summary
  3. Flow Settings
  4. Flow Non-Default Global Settings
  5. Flow Elapsed Time
  6. Flow OS Summary
  7. Flow Log
  8. Flow Messages
  9. Flow Suppressed Messages



----------------
; Legal Notice ;
----------------
Copyright (C) 2017  Intel Corporation. All rights reserved.
Your use of Intel Corporation's design tools, logic functions 
and other software and tools, and its AMPP partner logic 
functions, and any output files from any of the foregoing 
(including device programming or simulation files), and any 
associated documentation or information are expressly subject 
to the terms and conditions of the Intel Program License 
Subscription Agreement, the Intel Quartus Prime License Agreement,
the Intel FPGA IP License Agreement, or other applicable license
agreement, including, without limitation, that your use is for
the sole purpose of programming logic devices manufactured by
Intel and sold by Intel or its authorized distributors.  Please
refer to the applicable agreement for further details.



+-------------------------------------------------------------------------------------------+
; Flow Summary                                                                              ;
+------------------------------------+------------------------------------------------------+
; Flow Status                        ; Successful - Sat May 25 18:12:33 2019                ;
; Quartus Prime Version              ; 17.1.1 Internal Build 593 12/11/2017 SJ Lite Edition ;
; Revision Name                      ; SFT8                                                 ;
; Top-level Entity Name              ; SFT8                                                 ;
; Family                             ; Cyclone IV E                                         ;
; Device                             ; EP4CE30F29C8                                         ;
; Timing Models                      ; Final                                                ;
; Total logic elements               ; 16 / 28,848 ( < 1 % )                                ;
;     Total combinational functions  ; 16 / 28,848 ( < 1 % )                                ;
;     Dedicated logic registers      ; 9 / 28,848 ( < 1 % )                                 ;
; Total registers                    ; 9                                                    ;
; Total pins                         ; 22 / 533 ( 4 % )                                     ;
; Total virtual pins                 ; 0                                                    ;
; Total memory bits                  ; 0 / 608,256 ( 0 % )                                  ;
; Embedded Multiplier 9-bit elements ; 0 / 132 ( 0 % )                                      ;
; Total PLLs                         ; 0 / 4 ( 0 % )                                        ;
+------------------------------------+------------------------------------------------------+


+-----------------------------------------+
; Flow Settings                           ;
+-------------------+---------------------+
; Option            ; Setting             ;
+-------------------+---------------------+
; Start date & time ; 05/25/2019 18:03:48 ;
; Main task         ; Compilation         ;
; Revision Name     ; SFT8                ;
+-------------------+---------------------+


+-------------------------------------------------------------------------------------------------------------------------+
; Flow Non-Default Global Settings                                                                                        ;
+-------------------------------------+----------------------------------------+---------------+-------------+------------+
; Assignment Name                     ; Value                                  ; Default Value ; Entity Name ; Section Id ;
+-------------------------------------+----------------------------------------+---------------+-------------+------------+
; COMPILER_SIGNATURE_ID               ; 141812762084971.155877862813552        ; --            ; --          ; --         ;
; MAX_CORE_JUNCTION_TEMP              ; 85                                     ; --            ; --          ; --         ;
; MIN_CORE_JUNCTION_TEMP              ; 0                                      ; --            ; --          ; --         ;
; NOMINAL_CORE_SUPPLY_VOLTAGE         ; 1.2V                                   ; --            ; --          ; --         ;
; PARTITION_COLOR                     ; -- (Not supported for targeted family) ; --            ; --          ; Top        ;
; PARTITION_FITTER_PRESERVATION_LEVEL ; -- (Not supported for targeted family) ; --            ; --          ; Top        ;
; PARTITION_NETLIST_TYPE              ; -- (Not supported for targeted family) ; --            ; --          ; Top        ;
; PROJECT_OUTPUT_DIRECTORY            ; output_files                           ; --            ; --          ; --         ;
+-------------------------------------+----------------------------------------+---------------+-------------+------------+


+-------------------------------------------------------------------------------------------------------------------------------+
; Flow Elapsed Time                                                                                                             ;
+---------------------------+--------------+-------------------------+---------------------+------------------------------------+
; Module Name               ; Elapsed Time ; Average Processors Used ; Peak Virtual Memory ; Total CPU Time (on all processors) ;
+---------------------------+--------------+-------------------------+---------------------+------------------------------------+
; Analysis & Synthesis      ; 00:00:11     ; 1.0                     ; 4796 MB             ; 00:00:23                           ;
; Fitter                    ; 00:00:07     ; 1.0                     ; 5588 MB             ; 00:00:08                           ;
; Assembler                 ; 00:00:02     ; 1.0                     ; 4703 MB             ; 00:00:01                           ;
; TimeQuest Timing Analyzer ; 00:00:01     ; 1.0                     ; 4804 MB             ; 00:00:02                           ;
; EDA Netlist Writer        ; 00:00:01     ; 1.0                     ; 4649 MB             ; 00:00:01                           ;
; EDA Netlist Writer        ; 00:00:01     ; 1.0                     ; 4657 MB             ; 00:00:01                           ;
; Total                     ; 00:00:23     ; --                      ; --                  ; 00:00:36                           ;
+---------------------------+--------------+-------------------------+---------------------+------------------------------------+


+-----------------------------------------------------------------------------------------+
; Flow OS Summary                                                                         ;
+---------------------------+------------------+------------+------------+----------------+
; Module Name               ; Machine Hostname ; OS Name    ; OS Version ; Processor type ;
+---------------------------+------------------+------------+------------+----------------+
; Analysis & Synthesis      ; DESKTOP-6F0UEUH  ; Windows 10 ; 10.0       ; x86_64         ;
; Fitter                    ; DESKTOP-6F0UEUH  ; Windows 10 ; 10.0       ; x86_64         ;
; Assembler                 ; DESKTOP-6F0UEUH  ; Windows 10 ; 10.0       ; x86_64         ;
; TimeQuest Timing Analyzer ; DESKTOP-6F0UEUH  ; Windows 10 ; 10.0       ; x86_64         ;
; EDA Netlist Writer        ; DESKTOP-6F0UEUH  ; Windows 10 ; 10.0       ; x86_64         ;
; EDA Netlist Writer        ; DESKTOP-6F0UEUH  ; Windows 10 ; 10.0       ; x86_64         ;
+---------------------------+------------------+------------+------------+----------------+


------------
; Flow Log ;
------------
quartus_map --read_settings_files=on --write_settings_files=off SFT8 -c SFT8
quartus_fit --read_settings_files=off --write_settings_files=off SFT8 -c SFT8
quartus_asm --read_settings_files=off --write_settings_files=off SFT8 -c SFT8
quartus_sta SFT8 -c SFT8
quartus_eda --gen_testbench --tool=modelsim_oem --format=verilog --write_settings_files=off SFT8 -c SFT8 --vector_source=E:/ShiftCPU/A_CPU_ALU_MD_SHIFT_1_SFT8/Waveform.vwf --testbench_file=E:/ShiftCPU/A_CPU_ALU_MD_SHIFT_1_SFT8/simulation/qsim/Waveform.vwf.vt
quartus_eda --write_settings_files=off --simulation=on --functional=on --flatten_buses=off --tool=modelsim_oem --format=verilog --output_directory=E:/ShiftCPU/A_CPU_ALU_MD_SHIFT_1_SFT8/simulation/qsim/ SFT8 -c SFT8



